2021-05-09 10:59:57.018+0000 INFO  {plugin-com.neo4j.plugin.jwt.auth.JwtAuthPlugin} jwt.auth.private_key=certificates/security.key.pem
2021-05-09 10:59:58.477+0000 INFO  Initializing system graph model for component 'security-users' with version -1 and status UNINITIALIZED
2021-05-09 10:59:58.486+0000 INFO  Setting up initial user from `auth.ini` file: neo4j
2021-05-09 10:59:58.487+0000 INFO  Creating new user 'neo4j' (passwordChangeRequired=false, suspended=false)
2021-05-09 10:59:58.494+0000 INFO  Setting version for 'security-users' to 2
2021-05-09 10:59:58.497+0000 INFO  After initialization of system graph model component 'security-users' have version 2 and status CURRENT
2021-05-09 10:59:58.500+0000 INFO  Performing postInitialization step for component 'security-users' with version 2 and status CURRENT
2021-05-09 10:59:58.523+0000 INFO  Initializing system graph model for component 'security-privileges' with version -1 and status UNINITIALIZED
2021-05-09 10:59:58.524+0000 INFO  Initializing security model with 6 roles
2021-05-09 10:59:58.562+0000 INFO  Setting version for 'security-privileges' to 4
2021-05-09 10:59:58.564+0000 INFO  Upgrading 'security-privileges' version property from 4 to 5
2021-05-09 10:59:58.566+0000 INFO  Upgrading 'security-privileges' version property from 5 to 6
2021-05-09 10:59:58.568+0000 INFO  Upgrading 'security-privileges' version property from 6 to 7
2021-05-09 10:59:58.568+0000 INFO  Upgrading 'security-privileges' version property from 7 to 8
2021-05-09 10:59:58.575+0000 INFO  Assigned admin role to user 'neo4j'.
2021-05-09 10:59:58.580+0000 INFO  After initialization of system graph model component 'security-privileges' have version 8 and status CURRENT
2021-05-09 11:00:00.715+0000 INFO  {plugin-com.neo4j.plugin.jwt.auth.JwtAuthPlugin} Log in attempted for user 'neo4j'.
2021-05-09 11:00:00.715+0000 ERROR {plugin-com.neo4j.plugin.jwt.auth.JwtAuthPlugin} Invalid serialized unsecured/JWS/JWE object: Missing part delimiters
2021-05-09 11:00:00.718+0000 INFO  [neo4j]: logged in
2021-05-09 11:00:02.188+0000 INFO  {plugin-com.neo4j.plugin.jwt.auth.JwtAuthPlugin} Log in attempted for user 'neo4j'.
2021-05-09 11:00:02.188+0000 ERROR {plugin-com.neo4j.plugin.jwt.auth.JwtAuthPlugin} Invalid serialized unsecured/JWS/JWE object: Missing part delimiters
2021-05-09 11:00:02.188+0000 INFO  [neo4j]: logged in
2021-05-09 11:00:39.893+0000 INFO  {plugin-com.neo4j.plugin.jwt.auth.JwtAuthPlugin} Log in attempted for user 'neo4j'.
2021-05-09 11:00:39.893+0000 ERROR {plugin-com.neo4j.plugin.jwt.auth.JwtAuthPlugin} Invalid serialized unsecured/JWS/JWE object: Missing part delimiters
2021-05-09 11:00:39.893+0000 INFO  [neo4j]: logged in
