
2021-05-09 18:39:49 Apache Commons Daemon procrun stdout initialized.
2021-05-09 16:39:50.134+0000 INFO  Note that since you did not explicitly set the port in causal_clustering.transaction_advertised_address Neo4j automatically set it to 6000 to match causal_clustering.transaction_listen_address. This behavior may change in the future and we recommend you to explicitly set it.
2021-05-09 16:39:50.135+0000 INFO  Note that since you did not explicitly set the port in causal_clustering.raft_advertised_address Neo4j automatically set it to 7000 to match causal_clustering.raft_listen_address. This behavior may change in the future and we recommend you to explicitly set it.
2021-05-09 16:39:50.135+0000 INFO  Note that since you did not explicitly set the port in causal_clustering.discovery_advertised_address Neo4j automatically set it to 5000 to match causal_clustering.discovery_listen_address. This behavior may change in the future and we recommend you to explicitly set it.
2021-05-09 16:39:50.135+0000 INFO  Note that since you did not explicitly set the port in dbms.connector.bolt.advertised_address Neo4j automatically set it to 7687 to match dbms.connector.bolt.listen_address. This behavior may change in the future and we recommend you to explicitly set it.
2021-05-09 16:39:50.135+0000 INFO  Note that since you did not explicitly set the port in dbms.connector.http.advertised_address Neo4j automatically set it to 7474 to match dbms.connector.http.listen_address. This behavior may change in the future and we recommend you to explicitly set it.
2021-05-09 16:39:50.136+0000 INFO  Note that since you did not explicitly set the port in dbms.connector.https.advertised_address Neo4j automatically set it to 6362 to match dbms.connector.https.listen_address. This behavior may change in the future and we recommend you to explicitly set it.
2021-05-09 16:39:50.137+0000 INFO  Starting...
2021-05-09 16:39:51.336+0000 INFO  ======== Neo4j 4.2.5 ========
2021-05-09 16:39:54.471+0000 INFO  Bound database 'system' to raft with id '00000000-0000-0000-0000-000000000001' as member id '9525f761-0e3e-4e1e-a6ef-af02bb9b79b1', found on disk.
2021-05-09 16:39:54.845+0000 INFO  Bound database 'neo4j' to raft with id '5097b790-055d-4018-8e5a-56649d65b04c' as member id '9525f761-0e3e-4e1e-a6ef-af02bb9b79b1', found on disk.
2021-05-09 16:39:55.219+0000 INFO  Connected to localhost/127.0.0.1:7002 [raft version:3.0]
2021-05-09 16:39:55.244+0000 INFO  Connected to localhost/127.0.0.1:7001 [raft version:3.0]
2021-05-09 16:39:56.934+0000 INFO  Sending metrics to CSV file at C:\Users\madsm\.Neo4jDesktop\relate-data\dbmss\Core 1\metrics
2021-05-09 16:39:56.948+0000 INFO  Bolt enabled on localhost:7687.
2021-05-09 16:39:57.421+0000 INFO  Remote interface available at http://localhost:7474/
2021-05-09 16:39:57.421+0000 INFO  Started.
2021-05-09 17:09:08.528+0000 INFO  Stopping...
2021-05-09 17:09:10.887+0000 INFO  Lost connection to localhost/127.0.0.1:7001 [raft version:3.0]
2021-05-09 17:09:10.888+0000 INFO  Lost connection to localhost/127.0.0.1:7002 [raft version:3.0]
2021-05-09 17:09:16.147+0000 INFO  Stopped.
